<?xml version="1.0" encoding="UTF-8"?>
<!-- Generated by org.testng.reporters.JUnitReportReporter -->
<testsuite hostname="VICTORY" name="TestNGPrograms.GroupingConcept" tests="3" failures="0" timestamp="5 Sep 2019 12:43:49 GMT" time="0.024" errors="0">
  <testcase name="f2" time="0.001" classname="TestNGPrograms.GroupingConcept"/>
  <testcase name="f1" time="0.022" classname="TestNGPrograms.GroupingConcept"/>
  <testcase name="f3" time="0.001" classname="TestNGPrograms.GroupingConcept"/>
</testsuite> <!-- TestNGPrograms.GroupingConcept -->
