<?xml version="1.0" encoding="UTF-8"?>
<!-- Generated by org.testng.reporters.JUnitReportReporter -->
<testsuite hostname="VICTORY" name="TestNGPrograms.ClassEvaluation" tests="2" failures="0" timestamp="5 Sep 2019 11:54:43 GMT" time="0.051" errors="0">
  <testcase name="f1" time="0.047" classname="TestNGPrograms.ClassEvaluation"/>
  <testcase name="f2" time="0.004" classname="TestNGPrograms.ClassEvaluation"/>
</testsuite> <!-- TestNGPrograms.ClassEvaluation -->
