<?xml version="1.0" encoding="UTF-8"?>
<!-- Generated by org.testng.reporters.JUnitReportReporter -->
<testsuite hostname="VICTORY" name="TestNGPrograms.TakingScreenshot" tests="1" failures="0" timestamp="16 Sep 2019 11:08:48 GMT" time="35.881" errors="0">
  <testcase name="screenshot" time="35.881" classname="TestNGPrograms.TakingScreenshot"/>
</testsuite> <!-- TestNGPrograms.TakingScreenshot -->
