<?xml version="1.0" encoding="UTF-8"?>
<!-- Generated by org.testng.reporters.JUnitReportReporter -->
<testsuite hostname="VICTORY" name="TestNGPrograms.TakingScreenshotMultiple" tests="1" failures="0" timestamp="21 Apr 2020 04:14:56 GMT" time="40.403" errors="0">
  <testcase name="screenshot" time="40.403" classname="TestNGPrograms.TakingScreenshotMultiple"/>
</testsuite> <!-- TestNGPrograms.TakingScreenshotMultiple -->
