<?xml version="1.0" encoding="UTF-8"?>
<!-- Generated by org.testng.reporters.JUnitReportReporter -->
<testsuite hostname="VICTORY" name="TestNGPrograms.AnnotationEvaluation" tests="2" failures="0" timestamp="5 Sep 2019 12:10:49 GMT" time="0.027" errors="0">
  <testcase name="f1" time="0.025" classname="TestNGPrograms.AnnotationEvaluation"/>
  <testcase name="f2" time="0.002" classname="TestNGPrograms.AnnotationEvaluation"/>
</testsuite> <!-- TestNGPrograms.AnnotationEvaluation -->
